Feb 12, 2025 10:25:27 AM org.example.logging.Logger logInfo
INFO: User Registered Successfully
Feb 12, 2025 11:31:16 AM org.example.logging.Logger logInfo
INFO: User Registered Successfully
Feb 12, 2025 11:36:37 AM org.example.logging.Logger logInfo
INFO: User Registered Successfully
Feb 12, 2025 11:56:57 AM org.example.logging.Logger logInfo
INFO: User Registered Successfully
Feb 12, 2025 11:57:18 AM org.example.logging.Logger logInfo
INFO: User Registered Successfully
Feb 12, 2025 5:45:20 PM org.example.logging.Logger logInfo
INFO: User Registered Successfully
Feb 12, 2025 5:45:46 PM org.example.logging.Logger logInfo
INFO: User Registered Successfully
Feb 12, 2025 5:46:33 PM org.example.logging.Logger logInfo
INFO: Successfully added product
Feb 12, 2025 5:48:09 PM org.example.logging.Logger logInfo
INFO: Successfully added product
Feb 12, 2025 5:50:03 PM org.example.logging.Logger logInfo
INFO: Successfully added product
Feb 12, 2025 5:52:04 PM org.example.logging.Logger logInfo
INFO: Successfully added product
Feb 12, 2025 5:53:40 PM org.example.logging.Logger logInfo
INFO: Successfully added product
Feb 12, 2025 5:54:33 PM org.example.logging.Logger logInfo
INFO: Successfully added product
Feb 12, 2025 5:55:56 PM org.example.logging.Logger logInfo
INFO: Successfully added product
Feb 12, 2025 5:56:17 PM org.example.logging.Logger logInfo
INFO: Successfully added product
Feb 12, 2025 5:59:21 PM org.example.logging.Logger logInfo
INFO: Successfully added product
Feb 13, 2025 10:41:21 AM org.example.logging.Logger logInfo
INFO: Successfully added product
Feb 13, 2025 10:41:57 AM org.example.logging.Logger logInfo
INFO: Successfully added product
Feb 13, 2025 10:42:12 AM org.example.logging.Logger logWarn
WARNING: Product with Id{} not found
Feb 13, 2025 10:43:59 AM org.example.logging.Logger logInfo
INFO: Successfully added product
Feb 13, 2025 10:44:17 AM org.example.logging.Logger logWarn
WARNING: Product with Id{} not found
Feb 13, 2025 10:45:19 AM org.example.logging.Logger logInfo
INFO: Successfully added product
Feb 13, 2025 10:45:30 AM org.example.logging.Logger logWarn
WARNING: Product with Id{} not found
Feb 13, 2025 10:57:32 AM org.example.logging.Logger logWarn
WARNING: Product with Id{} not found
Feb 13, 2025 11:01:15 AM org.example.logging.Logger logWarn
WARNING: Product with Id{} not found
Feb 13, 2025 11:01:45 AM org.example.logging.Logger logWarn
WARNING: Product with Id{} not found
Feb 13, 2025 11:05:57 AM org.example.logging.Logger logWarn
WARNING: Product with Id{} not found
Feb 13, 2025 11:11:23 AM org.example.logging.Logger logWarn
WARNING: Product with Id{} not found
Feb 13, 2025 11:12:31 AM org.example.logging.Logger logWarn
WARNING: Product with Id{} not found
Feb 13, 2025 11:17:54 AM org.example.logging.Logger logWarn
WARNING: Product with Id{} not found
Feb 13, 2025 11:19:01 AM org.example.logging.Logger logWarn
WARNING: Product with Id{} not found
Feb 13, 2025 11:53:01 AM org.example.logging.Logger logWarn
WARNING: Product with Id{} not found
Feb 13, 2025 11:56:20 AM org.example.logging.Logger logWarn
WARNING: Product with Id{} not found
Feb 13, 2025 11:57:25 AM org.example.logging.Logger logWarn
WARNING: Product with Id{} not found
Feb 13, 2025 11:58:47 AM org.example.logging.Logger logWarn
WARNING: Product with Id{} not found
Feb 13, 2025 12:00:20 PM org.example.logging.Logger logWarn
WARNING: Product with Id{} not found
Feb 13, 2025 12:01:23 PM org.example.logging.Logger logWarn
WARNING: Product with Id{} not found
Feb 13, 2025 12:07:43 PM org.example.logging.Logger logWarn
WARNING: Product with Id{} not found
Feb 13, 2025 12:08:50 PM org.example.logging.Logger logWarn
WARNING: Product with Id{} not found
Feb 13, 2025 12:41:06 PM org.example.logging.Logger logWarn
WARNING: Product with Id{} not found
Feb 13, 2025 3:35:43 PM org.example.logging.Logger logInfo
INFO: Successfully added product
Feb 13, 2025 4:16:20 PM org.example.logging.Logger logInfo
INFO: Successfully added product
Feb 13, 2025 4:16:20 PM org.example.logging.Logger logInfo
INFO: Product saved to Json File
Feb 13, 2025 4:44:12 PM org.example.logging.Logger logInfo
INFO: Product saved to Json File
Feb 13, 2025 4:44:12 PM org.example.logging.Logger logInfo
INFO: Successfully added product
Feb 13, 2025 5:37:22 PM org.example.logging.Logger logInfo
INFO: Product saved to Json File
Feb 13, 2025 5:37:22 PM org.example.logging.Logger logInfo
INFO: Successfully added product
Feb 14, 2025 11:32:11 AM org.example.logging.Logger logInfo
INFO: User Registered Successfully
Feb 14, 2025 11:32:30 AM org.example.logging.Logger logInfo
INFO: Product saved to Json File
Feb 14, 2025 11:32:30 AM org.example.logging.Logger logInfo
INFO: Successfully added product
Feb 14, 2025 11:33:03 AM org.example.logging.Logger logInfo
INFO: Product saved to Json File
Feb 14, 2025 11:33:03 AM org.example.logging.Logger logInfo
INFO: Successfully added product
Feb 14, 2025 12:30:51 PM org.example.logging.Logger logInfo
INFO: Product saved to Json File
Feb 14, 2025 12:30:51 PM org.example.logging.Logger logInfo
INFO: Successfully added product
Feb 14, 2025 12:31:08 PM org.example.logging.Logger logInfo
INFO: Product saved to Json File
Feb 14, 2025 12:31:08 PM org.example.logging.Logger logInfo
INFO: Successfully added product
Feb 14, 2025 12:33:05 PM org.example.logging.Logger logInfo
INFO: Product saved to Json File
Feb 14, 2025 12:33:05 PM org.example.logging.Logger logInfo
INFO: Successfully added product
Feb 14, 2025 12:44:01 PM org.example.logging.Logger logInfo
INFO: Product saved to Json File
Feb 14, 2025 12:44:01 PM org.example.logging.Logger logInfo
INFO: Successfully added product
Feb 14, 2025 12:44:39 PM org.example.logging.Logger logInfo
INFO: Product Found :
Feb 14, 2025 12:44:39 PM org.example.logging.Logger logInfo
INFO: Product deleted Successfully
Feb 14, 2025 12:44:53 PM org.example.logging.Logger logInfo
INFO: Product saved to Json File
Feb 14, 2025 12:44:53 PM org.example.logging.Logger logInfo
INFO: Successfully added product
Feb 14, 2025 12:50:23 PM org.example.logging.Logger logInfo
INFO: Product saved to Json File
Feb 14, 2025 12:50:23 PM org.example.logging.Logger logInfo
INFO: Successfully added product
Feb 14, 2025 12:50:32 PM org.example.logging.Logger logInfo
INFO: Product Found :
Feb 14, 2025 12:50:32 PM org.example.logging.Logger logInfo
INFO: Product saved to Json File
Feb 14, 2025 12:50:32 PM org.example.logging.Logger logInfo
INFO: Product added to cart.
Feb 14, 2025 12:51:17 PM org.example.logging.Logger logInfo
INFO: Product saved to Json File
Feb 14, 2025 12:51:17 PM org.example.logging.Logger logInfo
INFO: Successfully added product
Feb 14, 2025 12:51:28 PM org.example.logging.Logger logInfo
INFO: Product Found :
Feb 14, 2025 12:51:28 PM org.example.logging.Logger logInfo
INFO: Product saved to Json File
Feb 14, 2025 12:51:28 PM org.example.logging.Logger logInfo
INFO: Product added to cart.
Feb 14, 2025 12:52:05 PM org.example.logging.Logger logInfo
INFO: Product saved to Json File
Feb 14, 2025 12:52:05 PM org.example.logging.Logger logInfo
INFO: Successfully added product
Feb 14, 2025 12:52:15 PM org.example.logging.Logger logInfo
INFO: Product Found :
Feb 14, 2025 12:52:15 PM org.example.logging.Logger logInfo
INFO: Product saved to Json File
Feb 14, 2025 12:52:15 PM org.example.logging.Logger logInfo
INFO: Product added to cart.
Feb 14, 2025 3:56:32 PM org.example.logging.Logger logWarn
WARNING: Product with Id{} not found
Feb 16, 2025 1:21:50 PM org.example.logging.Logger logInfo
INFO: Product saved to Json File
Feb 16, 2025 1:21:50 PM org.example.logging.Logger logInfo
INFO: Successfully added product
Feb 16, 2025 1:22:05 PM org.example.logging.Logger logInfo
INFO: Product saved to Json File
Feb 16, 2025 1:22:05 PM org.example.logging.Logger logInfo
INFO: Successfully added product
Feb 16, 2025 1:23:06 PM org.example.logging.Logger logInfo
INFO: Product Found :
Feb 16, 2025 1:23:07 PM org.example.logging.Logger logInfo
INFO: Product saved to Json File
Feb 16, 2025 1:23:07 PM org.example.logging.Logger logInfo
INFO: Product added to cart.
Feb 16, 2025 1:24:51 PM org.example.logging.Logger logInfo
INFO: Product saved to Json File
Feb 16, 2025 1:24:51 PM org.example.logging.Logger logInfo
INFO: Successfully added product
Feb 16, 2025 1:39:42 PM org.example.logging.Logger logInfo
INFO: Product saved to Json File
Feb 16, 2025 1:39:42 PM org.example.logging.Logger logInfo
INFO: Successfully added product
Feb 16, 2025 1:40:04 PM org.example.logging.Logger logInfo
INFO: Product Found :
Feb 16, 2025 1:40:04 PM org.example.logging.Logger logInfo
INFO: Product saved to Json File
Feb 16, 2025 1:40:04 PM org.example.logging.Logger logInfo
INFO: Product added to cart.
Feb 17, 2025 10:10:20 AM org.example.logging.Logger logInfo
INFO: Product saved to Json File
Feb 17, 2025 10:10:20 AM org.example.logging.Logger logInfo
INFO: Successfully added product
Feb 17, 2025 10:10:29 AM org.example.logging.Logger logInfo
INFO: Product Found :
Feb 17, 2025 10:10:29 AM org.example.logging.Logger logInfo
INFO: Product saved to Json File
Feb 17, 2025 10:10:29 AM org.example.logging.Logger logInfo
INFO: Product added to cart.
Feb 17, 2025 10:11:29 AM org.example.logging.Logger logInfo
INFO: Product saved to Json File
Feb 17, 2025 10:11:29 AM org.example.logging.Logger logInfo
INFO: Successfully added product
Feb 17, 2025 10:11:34 AM org.example.logging.Logger logInfo
INFO: Product Found :
Feb 17, 2025 10:11:34 AM org.example.logging.Logger logInfo
INFO: Product saved to Json File
Feb 17, 2025 10:11:34 AM org.example.logging.Logger logInfo
INFO: Product added to cart.
Feb 17, 2025 10:24:08 AM org.example.logging.Logger logInfo
INFO: Successfully added product
Feb 17, 2025 10:24:08 AM org.example.logging.Logger logInfo
INFO: Product saved to Json File
Feb 17, 2025 10:24:42 AM org.example.logging.Logger logInfo
INFO: Successfully added product
Feb 17, 2025 10:24:42 AM org.example.logging.Logger logInfo
INFO: Product saved to Json File
Feb 17, 2025 10:42:24 AM org.example.logging.Logger logInfo
INFO: Successfully added product
Feb 17, 2025 10:42:24 AM org.example.logging.Logger logInfo
INFO: Product saved to Json File
Feb 17, 2025 10:46:38 AM org.example.logging.Logger logInfo
INFO: Successfully added product
Feb 17, 2025 10:46:38 AM org.example.logging.Logger logInfo
INFO: Product saved to Json File
Feb 17, 2025 10:47:23 AM org.example.logging.Logger logInfo
INFO: Successfully added product
Feb 17, 2025 10:47:23 AM org.example.logging.Logger logInfo
INFO: Product saved to Json File
Feb 17, 2025 10:51:18 AM org.example.logging.Logger logInfo
INFO: Successfully added product
Feb 17, 2025 10:51:18 AM org.example.logging.Logger logInfo
INFO: Product saved to Json File
Feb 17, 2025 10:57:55 AM org.example.logging.Logger logInfo
INFO: Successfully added product
Feb 17, 2025 10:57:55 AM org.example.logging.Logger logInfo
INFO: Product saved to Json File
Feb 17, 2025 11:22:10 AM org.example.logging.Logger logInfo
INFO: Successfully added product
Feb 17, 2025 11:22:11 AM org.example.logging.Logger logInfo
INFO: Product saved to Json File
Feb 17, 2025 11:27:20 AM org.example.logging.Logger logInfo
INFO: Successfully added product
Feb 17, 2025 11:27:20 AM org.example.logging.Logger logInfo
INFO: Product saved to Json File
Feb 17, 2025 11:41:55 AM org.example.logging.Logger logInfo
INFO: Successfully added product
Feb 17, 2025 11:41:55 AM org.example.logging.Logger logInfo
INFO: Product saved to Json File
Feb 17, 2025 11:42:28 AM org.example.logging.Logger logInfo
INFO: Successfully added product
Feb 17, 2025 11:42:28 AM org.example.logging.Logger logInfo
INFO: Product saved to Json File
Feb 17, 2025 12:04:01 PM org.example.logging.Logger logInfo
INFO: Successfully added product
Feb 17, 2025 12:04:01 PM org.example.logging.Logger logInfo
INFO: Product saved to Json File
Feb 17, 2025 12:07:02 PM org.example.logging.Logger logInfo
INFO: Successfully added product
Feb 17, 2025 12:07:02 PM org.example.logging.Logger logInfo
INFO: Product saved to Json File
Feb 17, 2025 12:27:41 PM org.example.logging.Logger logInfo
INFO: Successfully added product
Feb 17, 2025 12:27:41 PM org.example.logging.Logger logInfo
INFO: Product saved to Json File
Feb 17, 2025 12:28:17 PM org.example.logging.Logger logInfo
INFO: Successfully added product
Feb 17, 2025 12:28:17 PM org.example.logging.Logger logInfo
INFO: Product saved to Json File
Feb 26, 2025 3:14:57 PM org.example.logging.Logger logInfo
INFO: Successfully added product
Feb 26, 2025 3:14:57 PM org.example.logging.Logger logInfo
INFO: Product saved to Json File
Feb 26, 2025 3:14:57 PM org.example.logging.Logger logInfo
INFO: Products Saved to CSV File.
Feb 26, 2025 3:15:31 PM org.example.logging.Logger logInfo
INFO: Successfully added product
Feb 26, 2025 3:15:31 PM org.example.logging.Logger logInfo
INFO: Product saved to Json File
Feb 26, 2025 3:15:31 PM org.example.logging.Logger logInfo
INFO: Products Saved to CSV File.
Feb 26, 2025 3:19:11 PM org.example.logging.Logger logInfo
INFO: Successfully added product
Feb 26, 2025 3:19:11 PM org.example.logging.Logger logInfo
INFO: Product saved to Json File
Feb 26, 2025 3:19:11 PM org.example.logging.Logger logInfo
INFO: Products Saved to CSV File.
